Wed Dec 02 18:51:43 IST 2015 : Apache Derby Network Server - 10.11.1.2 - (1629631) started and ready to accept connections on port 1527
----------------------------------------------------------------
Wed Dec 02 18:51:44 IST 2015:
Booting Derby version The Apache Software Foundation - Apache Derby - 10.11.1.2 - (1629631): instance a816c00e-0151-639b-56cb-00001c41c3bd 
on database directory C:\Users\avira\.netbeans-derby\finalproject with class loader sun.misc.Launcher$AppClassLoader@5e2de80c 
Loaded from file:/C:/Program%20Files/Java/jdk1.8.0_65/db/lib/derby.jar
java.vendor=Oracle Corporation
java.runtime.version=1.8.0_65-b17
user.dir=C:\Program Files\Java\jdk1.8.0_65\db
os.name=Windows 10
os.arch=amd64
os.version=10.0
derby.system.home=C:\Users\avira\.netbeans-derby
Database Class Loader started - derby.database.classpath=''
----------------------------------------------------------------
Thu Dec 03 08:23:28 IST 2015: Shutting down Derby engine
----------------------------------------------------------------
Thu Dec 03 08:23:28 IST 2015:
Shutting down instance a816c00e-0151-639b-56cb-00001c41c3bd on database directory C:\Users\avira\.netbeans-derby\finalproject with class loader sun.misc.Launcher$AppClassLoader@5e2de80c 
----------------------------------------------------------------
